<?xml version="1.0" encoding="UTF-8"?>
<coverage generated="1533626594889" clover="3.2.0">
  <project timestamp="1533626594889" name="All files">
    <metrics statements="124" coveredstatements="82" conditionals="91" coveredconditionals="52" methods="31" coveredmethods="20" elements="246" coveredelements="154" complexity="0" loc="124" ncloc="124" packages="1" files="1" classes="1">
      <file name="index.js" path="/Users/serhey_shmyg/Work/github/react-plain-carousel/src/index.js">
        <metrics statements="124" coveredstatements="82" conditionals="91" coveredconditionals="52" methods="31" coveredmethods="20"/>
        <line num="8" count="1" type="stmt"/>
        <line num="48" count="7" type="stmt"/>
        <line num="50" count="7" type="stmt"/>
        <line num="51" count="7" type="stmt"/>
        <line num="52" count="7" type="stmt"/>
        <line num="53" count="7" type="stmt"/>
        <line num="54" count="7" type="stmt"/>
        <line num="55" count="7" type="stmt"/>
        <line num="57" count="7" type="stmt"/>
        <line num="58" count="7" type="stmt"/>
        <line num="59" count="7" type="cond" truecount="2" falsecount="0"/>
        <line num="61" count="7" type="stmt"/>
        <line num="63" count="7" type="stmt"/>
        <line num="76" count="7" type="stmt"/>
        <line num="78" count="7" type="stmt"/>
        <line num="80" count="7" type="stmt"/>
        <line num="85" count="7" type="stmt"/>
        <line num="87" count="7" type="stmt"/>
        <line num="89" count="7" type="stmt"/>
        <line num="90" count="6" type="stmt"/>
        <line num="91" count="0" type="stmt"/>
        <line num="92" count="0" type="cond" truecount="0" falsecount="2"/>
        <line num="104" count="18" type="stmt"/>
        <line num="106" count="18" type="cond" truecount="5" falsecount="0"/>
        <line num="107" count="3" type="stmt"/>
        <line num="110" count="18" type="cond" truecount="2" falsecount="0"/>
        <line num="111" count="10" type="stmt"/>
        <line num="115" count="8" type="cond" truecount="2" falsecount="3"/>
        <line num="117" count="0" type="stmt"/>
        <line num="118" count="0" type="stmt"/>
        <line num="127" count="8" type="cond" truecount="5" falsecount="0"/>
        <line num="129" count="1" type="stmt"/>
        <line num="130" count="0" type="stmt"/>
        <line num="140" count="4" type="stmt"/>
        <line num="141" count="4" type="stmt"/>
        <line num="153" count="7" type="cond" truecount="2" falsecount="0"/>
        <line num="160" count="25" type="stmt"/>
        <line num="162" count="25" type="cond" truecount="2" falsecount="2"/>
        <line num="163" count="25" type="stmt"/>
        <line num="166" count="0" type="stmt"/>
        <line num="170" count="63" type="cond" truecount="1" falsecount="1"/>
        <line num="171" count="0" type="stmt"/>
        <line num="174" count="63" type="stmt"/>
        <line num="176" count="63" type="stmt"/>
        <line num="181" count="63" type="stmt"/>
        <line num="191" count="18" type="stmt"/>
        <line num="192" count="18" type="stmt"/>
        <line num="194" count="18" type="stmt"/>
        <line num="196" count="18" type="cond" truecount="2" falsecount="0"/>
        <line num="197" count="10" type="stmt"/>
        <line num="200" count="8" type="stmt"/>
        <line num="212" count="6" type="stmt"/>
        <line num="214" count="6" type="cond" truecount="2" falsecount="0"/>
        <line num="220" count="1" type="stmt"/>
        <line num="223" count="5" type="stmt"/>
        <line num="230" count="5" type="stmt"/>
        <line num="232" count="5" type="stmt"/>
        <line num="244" count="6" type="stmt"/>
        <line num="246" count="6" type="cond" truecount="2" falsecount="0"/>
        <line num="247" count="3" type="stmt"/>
        <line num="250" count="3" type="cond" truecount="2" falsecount="0"/>
        <line num="251" count="1" type="stmt"/>
        <line num="254" count="2" type="stmt"/>
        <line num="261" count="25" type="stmt"/>
        <line num="263" count="25" type="cond" truecount="2" falsecount="0"/>
        <line num="265" count="25" type="stmt"/>
        <line num="274" count="25" type="stmt"/>
        <line num="275" count="25" type="stmt"/>
        <line num="276" count="25" type="stmt"/>
        <line num="278" count="25" type="cond" truecount="1" falsecount="1"/>
        <line num="279" count="25" type="stmt"/>
        <line num="282" count="25" type="cond" truecount="2" falsecount="0"/>
        <line num="286" count="7" type="cond" truecount="1" falsecount="1"/>
        <line num="296" count="12" type="stmt"/>
        <line num="297" count="12" type="stmt"/>
        <line num="299" count="12" type="cond" truecount="2" falsecount="2"/>
        <line num="300" count="12" type="stmt"/>
        <line num="303" count="0" type="cond" truecount="0" falsecount="2"/>
        <line num="304" count="0" type="stmt"/>
        <line num="307" count="0" type="stmt"/>
        <line num="309" count="0" type="stmt"/>
        <line num="313" count="0" type="stmt"/>
        <line num="315" count="0" type="stmt"/>
        <line num="316" count="0" type="stmt"/>
        <line num="319" count="0" type="stmt"/>
        <line num="330" count="0" type="stmt"/>
        <line num="334" count="0" type="stmt"/>
        <line num="337" count="0" type="cond" truecount="0" falsecount="5"/>
        <line num="338" count="0" type="stmt"/>
        <line num="343" count="0" type="stmt"/>
        <line num="344" count="0" type="stmt"/>
        <line num="346" count="0" type="stmt"/>
        <line num="353" count="0" type="stmt"/>
        <line num="365" count="0" type="stmt"/>
        <line num="366" count="0" type="stmt"/>
        <line num="367" count="0" type="stmt"/>
        <line num="368" count="0" type="stmt"/>
        <line num="369" count="0" type="cond" truecount="0" falsecount="2"/>
        <line num="370" count="0" type="stmt"/>
        <line num="375" count="0" type="cond" truecount="0" falsecount="2"/>
        <line num="376" count="0" type="cond" truecount="0" falsecount="4"/>
        <line num="377" count="0" type="cond" truecount="0" falsecount="4"/>
        <line num="378" count="0" type="stmt"/>
        <line num="380" count="0" type="stmt"/>
        <line num="383" count="0" type="stmt"/>
        <line num="386" count="0" type="cond" truecount="0" falsecount="4"/>
        <line num="387" count="0" type="stmt"/>
        <line num="389" count="0" type="stmt"/>
        <line num="393" count="0" type="stmt"/>
        <line num="394" count="0" type="stmt"/>
        <line num="395" count="0" type="stmt"/>
        <line num="399" count="0" type="stmt"/>
        <line num="403" count="6" type="stmt"/>
        <line num="404" count="6" type="stmt"/>
        <line num="406" count="6" type="stmt"/>
        <line num="411" count="6" type="cond" truecount="1" falsecount="1"/>
        <line num="418" count="25" type="stmt"/>
        <line num="422" count="25" type="stmt"/>
        <line num="426" count="25" type="stmt"/>
        <line num="427" count="25" type="cond" truecount="2" falsecount="0"/>
        <line num="428" count="25" type="stmt"/>
        <line num="429" count="25" type="stmt"/>
        <line num="430" count="25" type="stmt"/>
        <line num="432" count="25" type="stmt"/>
      </file>
    </metrics>
  </project>
</coverage>
