{"/Users/serhey_shmyg/Work/github/react-plain-carousel/src/index.js": {"path":"/Users/serhey_shmyg/Work/github/react-plain-carousel/src/index.js","statementMap":{"0":{"start":{"line":8,"column":22},"end":{"line":18,"column":1}},"1":{"start":{"line":48,"column":8},"end":{"line":48,"column":23}},"2":{"start":{"line":50,"column":8},"end":{"line":50,"column":71}},"3":{"start":{"line":51,"column":8},"end":{"line":51,"column":57}},"4":{"start":{"line":52,"column":8},"end":{"line":52,"column":61}},"5":{"start":{"line":53,"column":8},"end":{"line":53,"column":63}},"6":{"start":{"line":54,"column":8},"end":{"line":54,"column":65}},"7":{"start":{"line":55,"column":8},"end":{"line":55,"column":53}},"8":{"start":{"line":57,"column":29},"end":{"line":57,"column":39}},"9":{"start":{"line":58,"column":30},"end":{"line":58,"column":54}},"10":{"start":{"line":59,"column":27},"end":{"line":59,"column":69}},"11":{"start":{"line":61,"column":8},"end":{"line":61,"column":38}},"12":{"start":{"line":63,"column":8},"end":{"line":72,"column":10}},"13":{"start":{"line":76,"column":28},"end":{"line":76,"column":38}},"14":{"start":{"line":78,"column":8},"end":{"line":78,"column":48}},"15":{"start":{"line":80,"column":8},"end":{"line":83,"column":11}},"16":{"start":{"line":85,"column":8},"end":{"line":85,"column":28}},"17":{"start":{"line":87,"column":8},"end":{"line":87,"column":61}},"18":{"start":{"line":89,"column":8},"end":{"line":95,"column":11}},"19":{"start":{"line":90,"column":24},"end":{"line":90,"column":36}},"20":{"start":{"line":91,"column":24},"end":{"line":91,"column":37}},"21":{"start":{"line":92,"column":29},"end":{"line":94,"column":27}},"22":{"start":{"line":104,"column":12},"end":{"line":104,"column":22}},"23":{"start":{"line":106,"column":8},"end":{"line":108,"column":9}},"24":{"start":{"line":107,"column":12},"end":{"line":107,"column":32}},"25":{"start":{"line":110,"column":8},"end":{"line":112,"column":9}},"26":{"start":{"line":111,"column":12},"end":{"line":111,"column":19}},"27":{"start":{"line":115,"column":8},"end":{"line":124,"column":9}},"28":{"start":{"line":117,"column":12},"end":{"line":123,"column":19}},"29":{"start":{"line":118,"column":16},"end":{"line":122,"column":19}},"30":{"start":{"line":127,"column":8},"end":{"line":136,"column":9}},"31":{"start":{"line":129,"column":12},"end":{"line":135,"column":19}},"32":{"start":{"line":130,"column":16},"end":{"line":134,"column":19}},"33":{"start":{"line":140,"column":8},"end":{"line":140,"column":28}},"34":{"start":{"line":141,"column":8},"end":{"line":141,"column":64}},"35":{"start":{"line":153,"column":8},"end":{"line":153,"column":58}},"36":{"start":{"line":160,"column":12},"end":{"line":160,"column":22}},"37":{"start":{"line":162,"column":8},"end":{"line":164,"column":9}},"38":{"start":{"line":163,"column":12},"end":{"line":163,"column":24}},"39":{"start":{"line":166,"column":8},"end":{"line":166,"column":37}},"40":{"start":{"line":170,"column":8},"end":{"line":172,"column":9}},"41":{"start":{"line":171,"column":12},"end":{"line":171,"column":25}},"42":{"start":{"line":174,"column":26},"end":{"line":174,"column":36}},"43":{"start":{"line":176,"column":22},"end":{"line":179,"column":9}},"44":{"start":{"line":181,"column":8},"end":{"line":187,"column":11}},"45":{"start":{"line":191,"column":29},"end":{"line":191,"column":39}},"46":{"start":{"line":192,"column":31},"end":{"line":192,"column":41}},"47":{"start":{"line":194,"column":31},"end":{"line":194,"column":70}},"48":{"start":{"line":196,"column":8},"end":{"line":198,"column":9}},"49":{"start":{"line":197,"column":12},"end":{"line":197,"column":34}},"50":{"start":{"line":200,"column":8},"end":{"line":204,"column":10}},"51":{"start":{"line":212,"column":12},"end":{"line":212,"column":22}},"52":{"start":{"line":214,"column":8},"end":{"line":221,"column":9}},"53":{"start":{"line":220,"column":12},"end":{"line":220,"column":25}},"54":{"start":{"line":223,"column":8},"end":{"line":226,"column":11}},"55":{"start":{"line":230,"column":8},"end":{"line":230,"column":28}},"56":{"start":{"line":232,"column":8},"end":{"line":236,"column":12}},"57":{"start":{"line":232,"column":29},"end":{"line":236,"column":9}},"58":{"start":{"line":244,"column":12},"end":{"line":244,"column":22}},"59":{"start":{"line":246,"column":8},"end":{"line":248,"column":9}},"60":{"start":{"line":247,"column":12},"end":{"line":247,"column":25}},"61":{"start":{"line":250,"column":8},"end":{"line":252,"column":9}},"62":{"start":{"line":251,"column":12},"end":{"line":251,"column":21}},"63":{"start":{"line":254,"column":8},"end":{"line":254,"column":25}},"64":{"start":{"line":261,"column":12},"end":{"line":261,"column":22}},"65":{"start":{"line":263,"column":8},"end":{"line":263,"column":41}},"66":{"start":{"line":265,"column":8},"end":{"line":267,"column":10}},"67":{"start":{"line":274,"column":12},"end":{"line":274,"column":22}},"68":{"start":{"line":275,"column":33},"end":{"line":275,"column":43}},"69":{"start":{"line":276,"column":38},"end":{"line":276,"column":59}},"70":{"start":{"line":278,"column":8},"end":{"line":280,"column":9}},"71":{"start":{"line":279,"column":12},"end":{"line":279,"column":68}},"72":{"start":{"line":282,"column":8},"end":{"line":282,"column":115}},"73":{"start":{"line":286,"column":8},"end":{"line":288,"column":36}},"74":{"start":{"line":296,"column":12},"end":{"line":296,"column":22}},"75":{"start":{"line":297,"column":34},"end":{"line":297,"column":44}},"76":{"start":{"line":299,"column":8},"end":{"line":301,"column":9}},"77":{"start":{"line":300,"column":12},"end":{"line":300,"column":25}},"78":{"start":{"line":303,"column":8},"end":{"line":305,"column":9}},"79":{"start":{"line":304,"column":12},"end":{"line":304,"column":83}},"80":{"start":{"line":307,"column":8},"end":{"line":307,"column":28}},"81":{"start":{"line":309,"column":8},"end":{"line":309,"column":79}},"82":{"start":{"line":309,"column":50},"end":{"line":309,"column":62}},"83":{"start":{"line":313,"column":28},"end":{"line":313,"column":29}},"84":{"start":{"line":315,"column":8},"end":{"line":317,"column":16}},"85":{"start":{"line":316,"column":12},"end":{"line":316,"column":36}},"86":{"start":{"line":319,"column":8},"end":{"line":323,"column":10}},"87":{"start":{"line":330,"column":12},"end":{"line":330,"column":13}},"88":{"start":{"line":334,"column":12},"end":{"line":334,"column":22}},"89":{"start":{"line":337,"column":8},"end":{"line":339,"column":9}},"90":{"start":{"line":338,"column":12},"end":{"line":338,"column":19}},"91":{"start":{"line":343,"column":18},"end":{"line":343,"column":34}},"92":{"start":{"line":344,"column":18},"end":{"line":344,"column":34}},"93":{"start":{"line":346,"column":8},"end":{"line":351,"column":10}},"94":{"start":{"line":353,"column":8},"end":{"line":356,"column":11}},"95":{"start":{"line":365,"column":12},"end":{"line":365,"column":22}},"96":{"start":{"line":366,"column":27},"end":{"line":366,"column":41}},"97":{"start":{"line":367,"column":24},"end":{"line":367,"column":56}},"98":{"start":{"line":368,"column":29},"end":{"line":368,"column":62}},"99":{"start":{"line":369,"column":26},"end":{"line":369,"column":57}},"100":{"start":{"line":370,"column":28},"end":{"line":373,"column":10}},"101":{"start":{"line":370,"column":35},"end":{"line":373,"column":9}},"102":{"start":{"line":375,"column":8},"end":{"line":391,"column":9}},"103":{"start":{"line":376,"column":12},"end":{"line":384,"column":13}},"104":{"start":{"line":377,"column":16},"end":{"line":381,"column":17}},"105":{"start":{"line":378,"column":20},"end":{"line":378,"column":47}},"106":{"start":{"line":380,"column":20},"end":{"line":380,"column":41}},"107":{"start":{"line":383,"column":16},"end":{"line":383,"column":43}},"108":{"start":{"line":386,"column":12},"end":{"line":390,"column":13}},"109":{"start":{"line":387,"column":16},"end":{"line":387,"column":37}},"110":{"start":{"line":389,"column":16},"end":{"line":389,"column":43}},"111":{"start":{"line":393,"column":8},"end":{"line":393,"column":29}},"112":{"start":{"line":394,"column":8},"end":{"line":394,"column":28}},"113":{"start":{"line":395,"column":8},"end":{"line":395,"column":33}},"114":{"start":{"line":399,"column":8},"end":{"line":399,"column":57}},"115":{"start":{"line":403,"column":36},"end":{"line":403,"column":46}},"116":{"start":{"line":404,"column":22},"end":{"line":404,"column":41}},"117":{"start":{"line":406,"column":8},"end":{"line":409,"column":11}},"118":{"start":{"line":411,"column":8},"end":{"line":411,"column":76}},"119":{"start":{"line":418,"column":12},"end":{"line":418,"column":22}},"120":{"start":{"line":422,"column":12},"end":{"line":422,"column":22}},"121":{"start":{"line":426,"column":12},"end":{"line":426,"column":25}},"122":{"start":{"line":427,"column":25},"end":{"line":427,"column":62}},"123":{"start":{"line":428,"column":27},"end":{"line":428,"column":47}},"124":{"start":{"line":429,"column":32},"end":{"line":429,"column":67}},"125":{"start":{"line":430,"column":32},"end":{"line":430,"column":52}},"126":{"start":{"line":432,"column":8},"end":{"line":454,"column":10}}},"fnMap":{"0":{"name":"(anonymous_0)","decl":{"start":{"line":44,"column":17},"end":{"line":44,"column":18}},"loc":{"start":{"line":44,"column":23},"end":{"line":44,"column":25}},"line":44},"1":{"name":"(anonymous_1)","decl":{"start":{"line":47,"column":4},"end":{"line":47,"column":5}},"loc":{"start":{"line":47,"column":25},"end":{"line":73,"column":5}},"line":47},"2":{"name":"(anonymous_2)","decl":{"start":{"line":75,"column":4},"end":{"line":75,"column":5}},"loc":{"start":{"line":75,"column":24},"end":{"line":96,"column":5}},"line":75},"3":{"name":"(anonymous_3)","decl":{"start":{"line":90,"column":18},"end":{"line":90,"column":19}},"loc":{"start":{"line":90,"column":24},"end":{"line":90,"column":36}},"line":90},"4":{"name":"(anonymous_4)","decl":{"start":{"line":91,"column":18},"end":{"line":91,"column":19}},"loc":{"start":{"line":91,"column":24},"end":{"line":91,"column":37}},"line":91},"5":{"name":"(anonymous_5)","decl":{"start":{"line":92,"column":20},"end":{"line":92,"column":21}},"loc":{"start":{"line":92,"column":29},"end":{"line":94,"column":27}},"line":92},"6":{"name":"(anonymous_6)","decl":{"start":{"line":98,"column":4},"end":{"line":98,"column":5}},"loc":{"start":{"line":98,"column":45},"end":{"line":137,"column":5}},"line":98},"7":{"name":"(anonymous_7)","decl":{"start":{"line":117,"column":23},"end":{"line":117,"column":24}},"loc":{"start":{"line":117,"column":29},"end":{"line":123,"column":13}},"line":117},"8":{"name":"(anonymous_8)","decl":{"start":{"line":129,"column":23},"end":{"line":129,"column":24}},"loc":{"start":{"line":129,"column":29},"end":{"line":135,"column":13}},"line":129},"9":{"name":"(anonymous_9)","decl":{"start":{"line":139,"column":4},"end":{"line":139,"column":5}},"loc":{"start":{"line":139,"column":27},"end":{"line":142,"column":5}},"line":139},"10":{"name":"(anonymous_10)","decl":{"start":{"line":152,"column":4},"end":{"line":152,"column":5}},"loc":{"start":{"line":152,"column":22},"end":{"line":154,"column":5}},"line":152},"11":{"name":"(anonymous_11)","decl":{"start":{"line":156,"column":4},"end":{"line":156,"column":5}},"loc":{"start":{"line":156,"column":20},"end":{"line":167,"column":5}},"line":156},"12":{"name":"(anonymous_12)","decl":{"start":{"line":169,"column":4},"end":{"line":169,"column":5}},"loc":{"start":{"line":169,"column":34},"end":{"line":188,"column":5}},"line":169},"13":{"name":"(anonymous_13)","decl":{"start":{"line":190,"column":4},"end":{"line":190,"column":5}},"loc":{"start":{"line":190,"column":18},"end":{"line":205,"column":5}},"line":190},"14":{"name":"(anonymous_14)","decl":{"start":{"line":207,"column":4},"end":{"line":207,"column":5}},"loc":{"start":{"line":207,"column":16},"end":{"line":227,"column":5}},"line":207},"15":{"name":"(anonymous_15)","decl":{"start":{"line":229,"column":4},"end":{"line":229,"column":5}},"loc":{"start":{"line":229,"column":23},"end":{"line":237,"column":5}},"line":229},"16":{"name":"(anonymous_16)","decl":{"start":{"line":232,"column":22},"end":{"line":232,"column":23}},"loc":{"start":{"line":232,"column":29},"end":{"line":236,"column":9}},"line":232},"17":{"name":"(anonymous_17)","decl":{"start":{"line":239,"column":4},"end":{"line":239,"column":5}},"loc":{"start":{"line":239,"column":19},"end":{"line":255,"column":5}},"line":239},"18":{"name":"(anonymous_18)","decl":{"start":{"line":257,"column":4},"end":{"line":257,"column":5}},"loc":{"start":{"line":257,"column":42},"end":{"line":268,"column":5}},"line":257},"19":{"name":"(anonymous_19)","decl":{"start":{"line":270,"column":4},"end":{"line":270,"column":5}},"loc":{"start":{"line":270,"column":20},"end":{"line":283,"column":5}},"line":270},"20":{"name":"(anonymous_20)","decl":{"start":{"line":285,"column":4},"end":{"line":285,"column":5}},"loc":{"start":{"line":285,"column":19},"end":{"line":289,"column":5}},"line":285},"21":{"name":"(anonymous_21)","decl":{"start":{"line":291,"column":4},"end":{"line":291,"column":5}},"loc":{"start":{"line":291,"column":19},"end":{"line":310,"column":5}},"line":291},"22":{"name":"(anonymous_22)","decl":{"start":{"line":309,"column":44},"end":{"line":309,"column":45}},"loc":{"start":{"line":309,"column":50},"end":{"line":309,"column":62}},"line":309},"23":{"name":"(anonymous_23)","decl":{"start":{"line":312,"column":4},"end":{"line":312,"column":5}},"loc":{"start":{"line":312,"column":24},"end":{"line":324,"column":5}},"line":312},"24":{"name":"(anonymous_24)","decl":{"start":{"line":315,"column":19},"end":{"line":315,"column":20}},"loc":{"start":{"line":315,"column":25},"end":{"line":317,"column":9}},"line":315},"25":{"name":"(anonymous_25)","decl":{"start":{"line":326,"column":4},"end":{"line":326,"column":5}},"loc":{"start":{"line":326,"column":23},"end":{"line":357,"column":5}},"line":326},"26":{"name":"(anonymous_26)","decl":{"start":{"line":359,"column":4},"end":{"line":359,"column":5}},"loc":{"start":{"line":359,"column":21},"end":{"line":396,"column":5}},"line":359},"27":{"name":"(anonymous_27)","decl":{"start":{"line":370,"column":28},"end":{"line":370,"column":29}},"loc":{"start":{"line":370,"column":35},"end":{"line":373,"column":9}},"line":370},"28":{"name":"(anonymous_28)","decl":{"start":{"line":398,"column":4},"end":{"line":398,"column":5}},"loc":{"start":{"line":398,"column":19},"end":{"line":400,"column":5}},"line":398},"29":{"name":"(anonymous_29)","decl":{"start":{"line":402,"column":4},"end":{"line":402,"column":5}},"loc":{"start":{"line":402,"column":26},"end":{"line":412,"column":5}},"line":402},"30":{"name":"(anonymous_30)","decl":{"start":{"line":414,"column":4},"end":{"line":414,"column":5}},"loc":{"start":{"line":414,"column":13},"end":{"line":455,"column":5}},"line":414}},"branchMap":{"0":{"loc":{"start":{"line":59,"column":27},"end":{"line":59,"column":69}},"type":"binary-expr","locations":[{"start":{"line":59,"column":27},"end":{"line":59,"column":48}},{"start":{"line":59,"column":52},"end":{"line":59,"column":69}}],"line":59},"1":{"loc":{"start":{"line":67,"column":19},"end":{"line":67,"column":37}},"type":"cond-expr","locations":[{"start":{"line":67,"column":32},"end":{"line":67,"column":33}},{"start":{"line":67,"column":36},"end":{"line":67,"column":37}}],"line":67},"2":{"loc":{"start":{"line":69,"column":27},"end":{"line":69,"column":73}},"type":"cond-expr","locations":[{"start":{"line":69,"column":40},"end":{"line":69,"column":57}},{"start":{"line":69,"column":60},"end":{"line":69,"column":73}}],"line":69},"3":{"loc":{"start":{"line":92,"column":29},"end":{"line":94,"column":27}},"type":"cond-expr","locations":[{"start":{"line":93,"column":18},"end":{"line":93,"column":51}},{"start":{"line":94,"column":18},"end":{"line":94,"column":27}}],"line":92},"4":{"loc":{"start":{"line":106,"column":8},"end":{"line":108,"column":9}},"type":"if","locations":[{"start":{"line":106,"column":8},"end":{"line":108,"column":9}},{"start":{"line":106,"column":8},"end":{"line":108,"column":9}}],"line":106},"5":{"loc":{"start":{"line":106,"column":12},"end":{"line":106,"column":83}},"type":"binary-expr","locations":[{"start":{"line":106,"column":12},"end":{"line":106,"column":23}},{"start":{"line":106,"column":28},"end":{"line":106,"column":55}},{"start":{"line":106,"column":60},"end":{"line":106,"column":83}}],"line":106},"6":{"loc":{"start":{"line":110,"column":8},"end":{"line":112,"column":9}},"type":"if","locations":[{"start":{"line":110,"column":8},"end":{"line":112,"column":9}},{"start":{"line":110,"column":8},"end":{"line":112,"column":9}}],"line":110},"7":{"loc":{"start":{"line":115,"column":8},"end":{"line":124,"column":9}},"type":"if","locations":[{"start":{"line":115,"column":8},"end":{"line":124,"column":9}},{"start":{"line":115,"column":8},"end":{"line":124,"column":9}}],"line":115},"8":{"loc":{"start":{"line":115,"column":12},"end":{"line":115,"column":86}},"type":"binary-expr","locations":[{"start":{"line":115,"column":12},"end":{"line":115,"column":23}},{"start":{"line":115,"column":27},"end":{"line":115,"column":59}},{"start":{"line":115,"column":63},"end":{"line":115,"column":86}}],"line":115},"9":{"loc":{"start":{"line":127,"column":8},"end":{"line":136,"column":9}},"type":"if","locations":[{"start":{"line":127,"column":8},"end":{"line":136,"column":9}},{"start":{"line":127,"column":8},"end":{"line":136,"column":9}}],"line":127},"10":{"loc":{"start":{"line":127,"column":12},"end":{"line":127,"column":104}},"type":"binary-expr","locations":[{"start":{"line":127,"column":13},"end":{"line":127,"column":40}},{"start":{"line":127,"column":45},"end":{"line":127,"column":77}},{"start":{"line":127,"column":81},"end":{"line":127,"column":104}}],"line":127},"11":{"loc":{"start":{"line":153,"column":15},"end":{"line":153,"column":57}},"type":"binary-expr","locations":[{"start":{"line":153,"column":15},"end":{"line":153,"column":28}},{"start":{"line":153,"column":32},"end":{"line":153,"column":57}}],"line":153},"12":{"loc":{"start":{"line":162,"column":8},"end":{"line":164,"column":9}},"type":"if","locations":[{"start":{"line":162,"column":8},"end":{"line":164,"column":9}},{"start":{"line":162,"column":8},"end":{"line":164,"column":9}}],"line":162},"13":{"loc":{"start":{"line":162,"column":12},"end":{"line":162,"column":36}},"type":"binary-expr","locations":[{"start":{"line":162,"column":12},"end":{"line":162,"column":18}},{"start":{"line":162,"column":22},"end":{"line":162,"column":36}}],"line":162},"14":{"loc":{"start":{"line":169,"column":22},"end":{"line":169,"column":32}},"type":"default-arg","locations":[{"start":{"line":169,"column":30},"end":{"line":169,"column":32}}],"line":169},"15":{"loc":{"start":{"line":170,"column":8},"end":{"line":172,"column":9}},"type":"if","locations":[{"start":{"line":170,"column":8},"end":{"line":172,"column":9}},{"start":{"line":170,"column":8},"end":{"line":172,"column":9}}],"line":170},"16":{"loc":{"start":{"line":184,"column":20},"end":{"line":184,"column":43}},"type":"binary-expr","locations":[{"start":{"line":184,"column":20},"end":{"line":184,"column":37}},{"start":{"line":184,"column":41},"end":{"line":184,"column":43}}],"line":184},"17":{"loc":{"start":{"line":196,"column":8},"end":{"line":198,"column":9}},"type":"if","locations":[{"start":{"line":196,"column":8},"end":{"line":198,"column":9}},{"start":{"line":196,"column":8},"end":{"line":198,"column":9}}],"line":196},"18":{"loc":{"start":{"line":214,"column":8},"end":{"line":221,"column":9}},"type":"if","locations":[{"start":{"line":214,"column":8},"end":{"line":221,"column":9}},{"start":{"line":214,"column":8},"end":{"line":221,"column":9}}],"line":214},"19":{"loc":{"start":{"line":215,"column":12},"end":{"line":218,"column":37}},"type":"binary-expr","locations":[{"start":{"line":215,"column":12},"end":{"line":215,"column":18}},{"start":{"line":216,"column":13},"end":{"line":216,"column":42}},{"start":{"line":216,"column":46},"end":{"line":216,"column":55}},{"start":{"line":217,"column":16},"end":{"line":217,"column":27}},{"start":{"line":217,"column":31},"end":{"line":217,"column":40}},{"start":{"line":218,"column":15},"end":{"line":218,"column":37}}],"line":215},"20":{"loc":{"start":{"line":229,"column":11},"end":{"line":229,"column":21}},"type":"default-arg","locations":[{"start":{"line":229,"column":19},"end":{"line":229,"column":21}}],"line":229},"21":{"loc":{"start":{"line":246,"column":8},"end":{"line":248,"column":9}},"type":"if","locations":[{"start":{"line":246,"column":8},"end":{"line":248,"column":9}},{"start":{"line":246,"column":8},"end":{"line":248,"column":9}}],"line":246},"22":{"loc":{"start":{"line":250,"column":8},"end":{"line":252,"column":9}},"type":"if","locations":[{"start":{"line":250,"column":8},"end":{"line":252,"column":9}},{"start":{"line":250,"column":8},"end":{"line":252,"column":9}}],"line":250},"23":{"loc":{"start":{"line":257,"column":25},"end":{"line":257,"column":40}},"type":"default-arg","locations":[{"start":{"line":257,"column":37},"end":{"line":257,"column":40}}],"line":257},"24":{"loc":{"start":{"line":263,"column":16},"end":{"line":263,"column":40}},"type":"binary-expr","locations":[{"start":{"line":263,"column":16},"end":{"line":263,"column":21}},{"start":{"line":263,"column":26},"end":{"line":263,"column":39}}],"line":263},"25":{"loc":{"start":{"line":278,"column":8},"end":{"line":280,"column":9}},"type":"if","locations":[{"start":{"line":278,"column":8},"end":{"line":280,"column":9}},{"start":{"line":278,"column":8},"end":{"line":280,"column":9}}],"line":278},"26":{"loc":{"start":{"line":282,"column":15},"end":{"line":282,"column":114}},"type":"cond-expr","locations":[{"start":{"line":282,"column":30},"end":{"line":282,"column":109}},{"start":{"line":282,"column":112},"end":{"line":282,"column":114}}],"line":282},"27":{"loc":{"start":{"line":286,"column":32},"end":{"line":288,"column":35}},"type":"cond-expr","locations":[{"start":{"line":287,"column":14},"end":{"line":287,"column":50}},{"start":{"line":288,"column":14},"end":{"line":288,"column":35}}],"line":286},"28":{"loc":{"start":{"line":299,"column":8},"end":{"line":301,"column":9}},"type":"if","locations":[{"start":{"line":299,"column":8},"end":{"line":301,"column":9}},{"start":{"line":299,"column":8},"end":{"line":301,"column":9}}],"line":299},"29":{"loc":{"start":{"line":299,"column":12},"end":{"line":299,"column":43}},"type":"binary-expr","locations":[{"start":{"line":299,"column":12},"end":{"line":299,"column":21}},{"start":{"line":299,"column":25},"end":{"line":299,"column":43}}],"line":299},"30":{"loc":{"start":{"line":303,"column":8},"end":{"line":305,"column":9}},"type":"if","locations":[{"start":{"line":303,"column":8},"end":{"line":305,"column":9}},{"start":{"line":303,"column":8},"end":{"line":305,"column":9}}],"line":303},"31":{"loc":{"start":{"line":337,"column":8},"end":{"line":339,"column":9}},"type":"if","locations":[{"start":{"line":337,"column":8},"end":{"line":339,"column":9}},{"start":{"line":337,"column":8},"end":{"line":339,"column":9}}],"line":337},"32":{"loc":{"start":{"line":337,"column":12},"end":{"line":337,"column":54}},"type":"binary-expr","locations":[{"start":{"line":337,"column":12},"end":{"line":337,"column":30}},{"start":{"line":337,"column":34},"end":{"line":337,"column":39}},{"start":{"line":337,"column":43},"end":{"line":337,"column":54}}],"line":337},"33":{"loc":{"start":{"line":369,"column":26},"end":{"line":369,"column":57}},"type":"cond-expr","locations":[{"start":{"line":369,"column":51},"end":{"line":369,"column":52}},{"start":{"line":369,"column":55},"end":{"line":369,"column":57}}],"line":369},"34":{"loc":{"start":{"line":375,"column":8},"end":{"line":391,"column":9}},"type":"if","locations":[{"start":{"line":375,"column":8},"end":{"line":391,"column":9}},{"start":{"line":375,"column":8},"end":{"line":391,"column":9}}],"line":375},"35":{"loc":{"start":{"line":376,"column":12},"end":{"line":384,"column":13}},"type":"if","locations":[{"start":{"line":376,"column":12},"end":{"line":384,"column":13}},{"start":{"line":376,"column":12},"end":{"line":384,"column":13}}],"line":376},"36":{"loc":{"start":{"line":376,"column":16},"end":{"line":376,"column":56}},"type":"binary-expr","locations":[{"start":{"line":376,"column":16},"end":{"line":376,"column":33}},{"start":{"line":376,"column":37},"end":{"line":376,"column":56}}],"line":376},"37":{"loc":{"start":{"line":377,"column":16},"end":{"line":381,"column":17}},"type":"if","locations":[{"start":{"line":377,"column":16},"end":{"line":381,"column":17}},{"start":{"line":377,"column":16},"end":{"line":381,"column":17}}],"line":377},"38":{"loc":{"start":{"line":377,"column":20},"end":{"line":377,"column":50}},"type":"binary-expr","locations":[{"start":{"line":377,"column":20},"end":{"line":377,"column":31}},{"start":{"line":377,"column":35},"end":{"line":377,"column":50}}],"line":377},"39":{"loc":{"start":{"line":386,"column":12},"end":{"line":390,"column":13}},"type":"if","locations":[{"start":{"line":386,"column":12},"end":{"line":390,"column":13}},{"start":{"line":386,"column":12},"end":{"line":390,"column":13}}],"line":386},"40":{"loc":{"start":{"line":386,"column":16},"end":{"line":386,"column":56}},"type":"binary-expr","locations":[{"start":{"line":386,"column":16},"end":{"line":386,"column":33}},{"start":{"line":386,"column":37},"end":{"line":386,"column":56}}],"line":386},"41":{"loc":{"start":{"line":411,"column":8},"end":{"line":411,"column":75}},"type":"binary-expr","locations":[{"start":{"line":411,"column":8},"end":{"line":411,"column":45}},{"start":{"line":411,"column":49},"end":{"line":411,"column":75}}],"line":411},"42":{"loc":{"start":{"line":427,"column":25},"end":{"line":427,"column":62}},"type":"cond-expr","locations":[{"start":{"line":427,"column":37},"end":{"line":427,"column":55}},{"start":{"line":427,"column":58},"end":{"line":427,"column":62}}],"line":427}},"s":{"0":1,"1":7,"2":7,"3":7,"4":7,"5":7,"6":7,"7":7,"8":7,"9":7,"10":7,"11":7,"12":7,"13":7,"14":7,"15":7,"16":7,"17":7,"18":7,"19":6,"20":0,"21":0,"22":18,"23":18,"24":3,"25":18,"26":10,"27":8,"28":0,"29":0,"30":8,"31":1,"32":0,"33":4,"34":4,"35":7,"36":25,"37":25,"38":25,"39":0,"40":63,"41":0,"42":63,"43":63,"44":63,"45":18,"46":18,"47":18,"48":18,"49":10,"50":8,"51":6,"52":6,"53":1,"54":5,"55":5,"56":5,"57":5,"58":6,"59":6,"60":3,"61":3,"62":1,"63":2,"64":25,"65":25,"66":25,"67":25,"68":25,"69":25,"70":25,"71":25,"72":25,"73":7,"74":12,"75":12,"76":12,"77":12,"78":0,"79":0,"80":0,"81":0,"82":0,"83":0,"84":0,"85":0,"86":0,"87":0,"88":0,"89":0,"90":0,"91":0,"92":0,"93":0,"94":0,"95":0,"96":0,"97":0,"98":0,"99":0,"100":0,"101":0,"102":0,"103":0,"104":0,"105":0,"106":0,"107":0,"108":0,"109":0,"110":0,"111":0,"112":0,"113":0,"114":0,"115":6,"116":6,"117":6,"118":6,"119":25,"120":25,"121":25,"122":25,"123":25,"124":25,"125":25,"126":25},"f":{"0":4,"1":7,"2":7,"3":6,"4":0,"5":0,"6":18,"7":0,"8":0,"9":4,"10":7,"11":25,"12":63,"13":18,"14":6,"15":5,"16":5,"17":6,"18":25,"19":25,"20":7,"21":12,"22":0,"23":0,"24":0,"25":0,"26":0,"27":0,"28":0,"29":6,"30":25},"b":{"0":[7,2],"1":[2,5],"2":[2,5],"3":[0,0],"4":[3,15],"5":[18,10,4],"6":[10,8],"7":[0,8],"8":[8,0,0],"9":[1,7],"10":[8,2,1],"11":[7,7],"12":[25,0],"13":[25,0],"14":[0],"15":[0,63],"16":[63,0],"17":[10,8],"18":[1,5],"19":[6,6,1,5,1,5],"20":[0],"21":[3,3],"22":[1,2],"23":[25],"24":[25,25],"25":[25,0],"26":[11,14],"27":[0,7],"28":[12,0],"29":[12,0],"30":[0,0],"31":[0,0],"32":[0,0,0],"33":[0,0],"34":[0,0],"35":[0,0],"36":[0,0],"37":[0,0],"38":[0,0],"39":[0,0],"40":[0,0],"41":[6,0],"42":[18,7]},"_coverageSchema":"332fd63041d2c1bcb487cc26dd0d5f7d97098a6c","hash":"b75809802514c0755041dee896c13d6309fa80db"}
}
