TN:
SF:/Users/serhey_shmyg/Work/github/react-plain-carousel/src/index.js
FN:44,(anonymous_0)
FN:47,(anonymous_1)
FN:75,(anonymous_2)
FN:90,(anonymous_3)
FN:91,(anonymous_4)
FN:92,(anonymous_5)
FN:98,(anonymous_6)
FN:117,(anonymous_7)
FN:129,(anonymous_8)
FN:139,(anonymous_9)
FN:152,(anonymous_10)
FN:156,(anonymous_11)
FN:169,(anonymous_12)
FN:190,(anonymous_13)
FN:207,(anonymous_14)
FN:229,(anonymous_15)
FN:232,(anonymous_16)
FN:239,(anonymous_17)
FN:257,(anonymous_18)
FN:270,(anonymous_19)
FN:285,(anonymous_20)
FN:291,(anonymous_21)
FN:309,(anonymous_22)
FN:312,(anonymous_23)
FN:315,(anonymous_24)
FN:326,(anonymous_25)
FN:359,(anonymous_26)
FN:370,(anonymous_27)
FN:398,(anonymous_28)
FN:402,(anonymous_29)
FN:414,(anonymous_30)
FNF:31
FNH:20
FNDA:4,(anonymous_0)
FNDA:7,(anonymous_1)
FNDA:7,(anonymous_2)
FNDA:6,(anonymous_3)
FNDA:0,(anonymous_4)
FNDA:0,(anonymous_5)
FNDA:18,(anonymous_6)
FNDA:0,(anonymous_7)
FNDA:0,(anonymous_8)
FNDA:4,(anonymous_9)
FNDA:7,(anonymous_10)
FNDA:25,(anonymous_11)
FNDA:63,(anonymous_12)
FNDA:18,(anonymous_13)
FNDA:6,(anonymous_14)
FNDA:5,(anonymous_15)
FNDA:5,(anonymous_16)
FNDA:6,(anonymous_17)
FNDA:25,(anonymous_18)
FNDA:25,(anonymous_19)
FNDA:7,(anonymous_20)
FNDA:12,(anonymous_21)
FNDA:0,(anonymous_22)
FNDA:0,(anonymous_23)
FNDA:0,(anonymous_24)
FNDA:0,(anonymous_25)
FNDA:0,(anonymous_26)
FNDA:0,(anonymous_27)
FNDA:0,(anonymous_28)
FNDA:6,(anonymous_29)
FNDA:25,(anonymous_30)
DA:8,1
DA:48,7
DA:50,7
DA:51,7
DA:52,7
DA:53,7
DA:54,7
DA:55,7
DA:57,7
DA:58,7
DA:59,7
DA:61,7
DA:63,7
DA:76,7
DA:78,7
DA:80,7
DA:85,7
DA:87,7
DA:89,7
DA:90,6
DA:91,0
DA:92,0
DA:104,18
DA:106,18
DA:107,3
DA:110,18
DA:111,10
DA:115,8
DA:117,0
DA:118,0
DA:127,8
DA:129,1
DA:130,0
DA:140,4
DA:141,4
DA:153,7
DA:160,25
DA:162,25
DA:163,25
DA:166,0
DA:170,63
DA:171,0
DA:174,63
DA:176,63
DA:181,63
DA:191,18
DA:192,18
DA:194,18
DA:196,18
DA:197,10
DA:200,8
DA:212,6
DA:214,6
DA:220,1
DA:223,5
DA:230,5
DA:232,5
DA:244,6
DA:246,6
DA:247,3
DA:250,3
DA:251,1
DA:254,2
DA:261,25
DA:263,25
DA:265,25
DA:274,25
DA:275,25
DA:276,25
DA:278,25
DA:279,25
DA:282,25
DA:286,7
DA:296,12
DA:297,12
DA:299,12
DA:300,12
DA:303,0
DA:304,0
DA:307,0
DA:309,0
DA:313,0
DA:315,0
DA:316,0
DA:319,0
DA:330,0
DA:334,0
DA:337,0
DA:338,0
DA:343,0
DA:344,0
DA:346,0
DA:353,0
DA:365,0
DA:366,0
DA:367,0
DA:368,0
DA:369,0
DA:370,0
DA:375,0
DA:376,0
DA:377,0
DA:378,0
DA:380,0
DA:383,0
DA:386,0
DA:387,0
DA:389,0
DA:393,0
DA:394,0
DA:395,0
DA:399,0
DA:403,6
DA:404,6
DA:406,6
DA:411,6
DA:418,25
DA:422,25
DA:426,25
DA:427,25
DA:428,25
DA:429,25
DA:430,25
DA:432,25
LF:124
LH:82
BRDA:59,0,0,7
BRDA:59,0,1,2
BRDA:67,1,0,2
BRDA:67,1,1,5
BRDA:69,2,0,2
BRDA:69,2,1,5
BRDA:92,3,0,0
BRDA:92,3,1,0
BRDA:106,4,0,3
BRDA:106,4,1,15
BRDA:106,5,0,18
BRDA:106,5,1,10
BRDA:106,5,2,4
BRDA:110,6,0,10
BRDA:110,6,1,8
BRDA:115,7,0,0
BRDA:115,7,1,8
BRDA:115,8,0,8
BRDA:115,8,1,0
BRDA:115,8,2,0
BRDA:127,9,0,1
BRDA:127,9,1,7
BRDA:127,10,0,8
BRDA:127,10,1,2
BRDA:127,10,2,1
BRDA:153,11,0,7
BRDA:153,11,1,7
BRDA:162,12,0,25
BRDA:162,12,1,0
BRDA:162,13,0,25
BRDA:162,13,1,0
BRDA:169,14,0,0
BRDA:170,15,0,0
BRDA:170,15,1,63
BRDA:184,16,0,63
BRDA:184,16,1,0
BRDA:196,17,0,10
BRDA:196,17,1,8
BRDA:214,18,0,1
BRDA:214,18,1,5
BRDA:215,19,0,6
BRDA:215,19,1,6
BRDA:215,19,2,1
BRDA:215,19,3,5
BRDA:215,19,4,1
BRDA:215,19,5,5
BRDA:229,20,0,0
BRDA:246,21,0,3
BRDA:246,21,1,3
BRDA:250,22,0,1
BRDA:250,22,1,2
BRDA:257,23,0,25
BRDA:263,24,0,25
BRDA:263,24,1,25
BRDA:278,25,0,25
BRDA:278,25,1,0
BRDA:282,26,0,11
BRDA:282,26,1,14
BRDA:286,27,0,0
BRDA:286,27,1,7
BRDA:299,28,0,12
BRDA:299,28,1,0
BRDA:299,29,0,12
BRDA:299,29,1,0
BRDA:303,30,0,0
BRDA:303,30,1,0
BRDA:337,31,0,0
BRDA:337,31,1,0
BRDA:337,32,0,0
BRDA:337,32,1,0
BRDA:337,32,2,0
BRDA:369,33,0,0
BRDA:369,33,1,0
BRDA:375,34,0,0
BRDA:375,34,1,0
BRDA:376,35,0,0
BRDA:376,35,1,0
BRDA:376,36,0,0
BRDA:376,36,1,0
BRDA:377,37,0,0
BRDA:377,37,1,0
BRDA:377,38,0,0
BRDA:377,38,1,0
BRDA:386,39,0,0
BRDA:386,39,1,0
BRDA:386,40,0,0
BRDA:386,40,1,0
BRDA:411,41,0,6
BRDA:411,41,1,0
BRDA:427,42,0,18
BRDA:427,42,1,7
BRF:91
BRH:52
end_of_record
